<?xml version="1.0" encoding="UTF-8"?>
<testng-results ignored="0" total="1" passed="1" failed="0" skipped="0">
  <reporter-output>
  </reporter-output>
  <suite started-at="2023-03-06T18:43:30 GET" name="Surefire suite" finished-at="2023-03-06T18:43:42 GET" duration-ms="11594">
    <groups>
    </groups>
    <test started-at="2023-03-06T18:43:30 GET" name="Surefire test" finished-at="2023-03-06T18:43:42 GET" duration-ms="11594">
      <class name="carinaimpl.LoginTest">
        <test-method signature="loginTest()[pri:0, instance:carinaimpl.LoginTest@16914a63]" started-at="2023-03-06T18:43:31 GET" name="loginTest" finished-at="2023-03-06T18:43:42 GET" duration-ms="11376" status="PASS">
          <reporter-output>
          </reporter-output>
        </test-method> <!-- loginTest -->
      </class> <!-- carinaimpl.LoginTest -->
    </test> <!-- Surefire test -->
  </suite> <!-- Surefire suite -->
</testng-results>
